<?xml version="1.0" encoding="UTF-8"?>
<robot generator="Robot 4.1.3 (Python 3.7.4 on win32)" generated="20230105 20:57:57.944" rpa="false" schemaversion="2">
<suite id="s1" name="Mouseover" source="C:\Users\suhelk\PycharmProjects\Automation\Mouseover.robot">
<test id="s1-t1" name="Mouse">
<kw name="Mouseover11">
<kw name="Open Browser" library="SeleniumLibrary">
<arg>https://www.grazitti.com/</arg>
<arg>chrome</arg>
<doc>Opens a new browser instance to the optional ``url``.</doc>
<msg timestamp="20230105 20:57:58.470" level="INFO">Opening browser 'chrome' to base url 'https://www.grazitti.com/'.</msg>
<status status="PASS" starttime="20230105 20:57:58.469" endtime="20230105 20:58:11.469"/>
</kw>
<kw name="Maximize Browser Window" library="SeleniumLibrary">
<doc>Maximizes current browser window.</doc>
<status status="PASS" starttime="20230105 20:58:11.470" endtime="20230105 20:58:11.619"/>
</kw>
<kw name="Mouse Over" library="SeleniumLibrary">
<arg>xpath:/html/body/div[1]/div[2]/div/div/div[2]/ul/li[3]/a</arg>
<doc>Simulates hovering the mouse over the element ``locator``.</doc>
<msg timestamp="20230105 20:58:11.620" level="INFO">Simulating Mouse Over on element 'xpath:/html/body/div[1]/div[2]/div/div/div[2]/ul/li[3]/a'.</msg>
<status status="PASS" starttime="20230105 20:58:11.619" endtime="20230105 20:58:11.957"/>
</kw>
<kw name="Sleep" library="BuiltIn">
<arg>5</arg>
<doc>Pauses the test executed for the given time.</doc>
<msg timestamp="20230105 20:58:16.962" level="INFO">Slept 5 seconds</msg>
<status status="PASS" starttime="20230105 20:58:11.958" endtime="20230105 20:58:16.962"/>
</kw>
<kw name="Mouse Over" library="SeleniumLibrary">
<arg>xpath://*[contains(text(),'Blog')]</arg>
<doc>Simulates hovering the mouse over the element ``locator``.</doc>
<msg timestamp="20230105 20:58:16.964" level="INFO">Simulating Mouse Over on element 'xpath://*[contains(text(),'Blog')]'.</msg>
<status status="PASS" starttime="20230105 20:58:16.963" endtime="20230105 20:58:17.289"/>
</kw>
<kw name="Sleep" library="BuiltIn">
<arg>2</arg>
<doc>Pauses the test executed for the given time.</doc>
<msg timestamp="20230105 20:58:19.291" level="INFO">Slept 2 seconds</msg>
<status status="PASS" starttime="20230105 20:58:17.290" endtime="20230105 20:58:19.291"/>
</kw>
<kw name="Mouse Over" library="SeleniumLibrary">
<arg>xpath://*[contains(text(),'Datasheet')]</arg>
<doc>Simulates hovering the mouse over the element ``locator``.</doc>
<msg timestamp="20230105 20:58:19.291" level="INFO">Simulating Mouse Over on element 'xpath://*[contains(text(),'Datasheet')]'.</msg>
<status status="PASS" starttime="20230105 20:58:19.291" endtime="20230105 20:58:19.621"/>
</kw>
<kw name="Sleep" library="BuiltIn">
<arg>2</arg>
<doc>Pauses the test executed for the given time.</doc>
<msg timestamp="20230105 20:58:21.623" level="INFO">Slept 2 seconds</msg>
<status status="PASS" starttime="20230105 20:58:19.622" endtime="20230105 20:58:21.623"/>
</kw>
<kw name="Mouse Over" library="SeleniumLibrary">
<arg>xpath:https://www.grazitti.com/ai-resource-center/</arg>
<doc>Simulates hovering the mouse over the element ``locator``.</doc>
<msg timestamp="20230105 20:58:21.624" level="INFO">Simulating Mouse Over on element 'xpath:https://www.grazitti.com/ai-resource-center/'.</msg>
<msg timestamp="20230105 20:58:22.186" level="INFO" html="true">&lt;/td&gt;&lt;/tr&gt;&lt;tr&gt;&lt;td colspan="3"&gt;&lt;a href="selenium-screenshot-33.png"&gt;&lt;img src="selenium-screenshot-33.png" width="800px"&gt;&lt;/a&gt;</msg>
<msg timestamp="20230105 20:58:22.370" level="FAIL">InvalidSelectorException: Message: invalid selector: Unable to locate an element with the xpath expression https://www.grazitti.com/ai-resource-center/ because of the following error:
SyntaxError: Failed to execute 'evaluate' on 'Document': The string 'https://www.grazitti.com/ai-resource-center/' is not a valid XPath expression.
  (Session info: chrome=108.0.5359.125)
Stacktrace:
Backtrace:
	(No symbol) [0x0111F243]
	(No symbol) [0x010A7FD1]
	(No symbol) [0x00F9D04D]
	(No symbol) [0x00F9FD34]
	(No symbol) [0x00F9FBE5]
	(No symbol) [0x00F9FE80]
	(No symbol) [0x00FCBD55]
	(No symbol) [0x00FCC22B]
	(No symbol) [0x00FFE64C]
	(No symbol) [0x00FE85D4]
	(No symbol) [0x00FFC9EB]
	(No symbol) [0x00FE8386]
	(No symbol) [0x00FC163C]
	(No symbol) [0x00FC269D]
	GetHandleVerifier [0x013B9A22+2655074]
	GetHandleVerifier [0x013ACA24+2601828]
	GetHandleVerifier [0x011C8C0A+619850]
	GetHandleVerifier [0x011C7830+614768]
	(No symbol) [0x010B05FC]
	(No symbol) [0x010B5968]
	(No symbol) [0x010B5A55]
	(No symbol) [0x010C051B]
	BaseThreadInitThunk [0x77C3FEF9+25]
	RtlGetAppContainerNamedObjectPath [0x77D87BBE+286]
	RtlGetAppContainerNamedObjectPath [0x77D87B8E+238]
</msg>
<status status="FAIL" starttime="20230105 20:58:21.623" endtime="20230105 20:58:22.370"/>
</kw>
<kw name="Sleep" library="BuiltIn">
<arg>2</arg>
<doc>Pauses the test executed for the given time.</doc>
<status status="NOT RUN" starttime="20230105 20:58:22.370" endtime="20230105 20:58:22.371"/>
</kw>
<kw name="Click Element" library="SeleniumLibrary">
<arg>xpath://*[contains(text(),'Blog')]</arg>
<doc>Click the element identified by ``locator``.</doc>
<status status="NOT RUN" starttime="20230105 20:58:22.371" endtime="20230105 20:58:22.371"/>
</kw>
<status status="FAIL" starttime="20230105 20:57:58.468" endtime="20230105 20:58:22.372"/>
</kw>
<status status="FAIL" starttime="20230105 20:57:58.467" endtime="20230105 20:58:22.373">InvalidSelectorException: Message: invalid selector: Unable to locate an element with the xpath expression https://www.grazitti.com/ai-resource-center/ because of the following error:
SyntaxError: Failed to execute 'evaluate' on 'Document': The string 'https://www.grazitti.com/ai-resource-center/' is not a valid XPath expression.
  (Session info: chrome=108.0.5359.125)
Stacktrace:
Backtrace:
	(No symbol) [0x0111F243]
	(No symbol) [0x010A7FD1]
	(No symbol) [0x00F9D04D]
	(No symbol) [0x00F9FD34]
	(No symbol) [0x00F9FBE5]
	(No symbol) [0x00F9FE80]
	(No symbol) [0x00FCBD55]
	(No symbol) [0x00FCC22B]
	(No symbol) [0x00FFE64C]
	(No symbol) [0x00FE85D4]
	(No symbol) [0x00FFC9EB]
	(No symbol) [0x00FE8386]
	(No symbol) [0x00FC163C]
	(No symbol) [0x00FC269D]
	GetHandleVerifier [0x013B9A22+2655074]
	GetHandleVerifier [0x013ACA24+2601828]
	GetHandleVerifier [0x011C8C0A+619850]
	GetHandleVerifier [0x011C7830+614768]
	(No symbol) [0x010B05FC]
	(No symbol) [0x010B5968]
	(No symbol) [0x010B5A55]
	(No symbol) [0x010C051B]
	BaseThreadInitThunk [0x77C3FEF9+25]
	RtlGetAppContainerNamedObjectPath [0x77D87BBE+286]
	RtlGetAppContainerNamedObjectPath [0x77D87B8E+238]
</status>
</test>
<status status="FAIL" starttime="20230105 20:57:57.949" endtime="20230105 20:58:22.384"/>
</suite>
<statistics>
<total>
<stat pass="0" fail="1" skip="0">All Tests</stat>
</total>
<tag>
</tag>
<suite>
<stat pass="0" fail="1" skip="0" id="s1" name="Mouseover">Mouseover</stat>
</suite>
</statistics>
<errors>
</errors>
</robot>
